TN:
SF:src/modules/users/services/CreateUserService.ts
FN:40,Object.<anonymous>
FN:40,Object.<anonymous>.__decorate
FN:40,Object.<anonymous>.__metadata
FN:40,Object.<anonymous>.__param
FN:40,Object.<anonymous>.__awaiter
FN:40,adopt
FN:40,fulfilled
FN:40,rejected
FN:40,step
FN:40,Object.<anonymous>.__generator
FN:40,sent
FN:40,g.<computed>
FN:40,verb
FN:40,step
FN:40,Object.<anonymous>.__importDefault
FN:15,CreateUserService
FN:23,Object.<anonymous>.CreateUserService.execute
FNF:17
FNH:15
FNDA:1,Object.<anonymous>
FNDA:1,Object.<anonymous>.__decorate
FNDA:1,Object.<anonymous>.__metadata
FNDA:2,Object.<anonymous>.__param
FNDA:3,Object.<anonymous>.__awaiter
FNDA:7,adopt
FNDA:7,fulfilled
FNDA:0,rejected
FNDA:9,step
FNDA:3,Object.<anonymous>.__generator
FNDA:7,sent
FNDA:0,g.<computed>
FNDA:9,verb
FNDA:10,step
FNDA:1,Object.<anonymous>.__importDefault
FNDA:2,CreateUserService
FNDA:3,Object.<anonymous>.CreateUserService.execute
DA:1,1
DA:2,1
DA:3,1
DA:4,1
DA:5,1
DA:6,1
DA:7,1
DA:8,1
DA:9,1
DA:10,1
DA:11,1
DA:12,1
DA:13,1
DA:14,1
DA:15,1
DA:16,2
DA:17,2
DA:18,2
DA:19,2
DA:20,2
DA:21,2
DA:22,1
DA:23,1
DA:24,3
DA:25,3
DA:26,3
DA:27,1
DA:28,1
DA:29,2
DA:30,2
DA:31,3
DA:32,3
DA:33,3
DA:34,3
DA:35,3
DA:36,3
DA:37,3
DA:38,3
DA:39,3
DA:40,1
LF:40
LH:40
BRDA:40,0,0,1
BRDA:40,1,0,1
BRDA:40,2,0,1
BRDA:40,3,0,0
BRDA:40,4,0,0
BRDA:40,5,0,0
BRDA:40,6,0,0
BRDA:40,7,0,1
BRDA:40,8,0,2
BRDA:40,9,0,2
BRDA:40,10,0,3
BRDA:40,11,0,7
BRDA:40,12,0,0
BRDA:40,13,0,3
BRDA:40,14,0,7
BRDA:40,15,0,6
BRDA:40,16,0,1
BRDA:40,17,0,9
BRDA:40,18,0,2
BRDA:40,19,0,7
BRDA:40,20,0,3
BRDA:40,21,0,7
BRDA:40,22,0,0
BRDA:40,23,0,9
BRDA:40,24,0,10
BRDA:40,25,0,10
BRDA:40,26,0,0
BRDA:40,27,0,20
BRDA:40,28,0,0
BRDA:40,29,0,0
BRDA:40,30,0,0
BRDA:40,31,0,0
BRDA:40,32,0,10
BRDA:40,33,0,10
BRDA:40,34,0,7
BRDA:40,35,0,0
BRDA:40,36,0,0
BRDA:40,37,0,3
BRDA:40,38,0,0
BRDA:40,39,0,2
BRDA:40,40,0,0
BRDA:40,41,0,0
BRDA:40,42,0,0
BRDA:40,43,0,0
BRDA:40,44,0,10
BRDA:40,45,0,9
BRDA:40,46,0,1
BRDA:40,47,0,10
BRDA:40,48,0,3
BRDA:40,49,0,1
BRDA:40,50,0,2
BRDA:40,51,0,0
BRDA:40,52,0,1
BRDA:40,53,0,0
BRDA:14,54,0,1
BRDA:15,55,0,2
BRDA:23,56,0,3
BRDA:40,57,0,3
BRDA:40,58,0,10
BRDA:24,59,0,3
BRDA:40,60,0,3
BRDA:26,61,0,1
BRDA:28,62,0,2
BRDA:40,63,0,2
BRDA:40,64,0,2
BRF:65
BRH:45
end_of_record
